This file contains any messages produced by compilers while
running configure, to aid debugging if configure makes a mistake.

It was created by libfplll configure 4.0.4, which was
generated by GNU Autoconf 2.67.  Invocation command line was

  $ ./configure 

## --------- ##
## Platform. ##
## --------- ##

hostname = rEvoBook-4.local
uname -m = x86_64
uname -r = 13.4.0
uname -s = Darwin
uname -v = Darwin Kernel Version 13.4.0: Sun Aug 17 19:50:11 PDT 2014; root:xnu-2422.115.4~1/RELEASE_X86_64

/usr/bin/uname -p = i386
/bin/uname -X     = unknown

/bin/arch              = unknown
/usr/bin/arch -k       = unknown
/usr/convex/getsysinfo = unknown
/usr/bin/hostinfo      = Mach kernel version:
	 Darwin Kernel Version 13.4.0: Sun Aug 17 19:50:11 PDT 2014; root:xnu-2422.115.4~1/RELEASE_X86_64
Kernel configured for up to 8 processors.
4 processors are physically available.
8 processors are logically available.
Processor type: i486 (Intel 80486)
Processors active: 0 1 2 3 4 5 6 7
Primary memory available: 16.00 gigabytes
Default processor set: 215 tasks, 1020 threads, 8 processors
Load average: 1.28, Mach factor: 6.71
/bin/machine           = unknown
/usr/bin/oslevel       = unknown
/bin/universe          = unknown

PATH: /usr/local/bin
PATH: /usr/local/sbin
PATH: /usr/bin
PATH: /bin
PATH: /usr/sbin
PATH: /sbin
PATH: /usr/local/MacGPG2/bin
PATH: /usr/texbin
PATH: /Users/fred/Developer/go/bin


## ----------- ##
## Core tests. ##
## ----------- ##

configure:2645: checking for a BSD-compatible install
configure:2713: result: /usr/bin/install -c
configure:2724: checking whether build environment is sane
configure:2774: result: yes
configure:2802: WARNING: `missing' script is too old or missing
configure:2915: checking for a thread-safe mkdir -p
configure:2954: result: ./install-sh -c -d
configure:2967: checking for gawk
configure:2997: result: no
configure:2967: checking for mawk
configure:2997: result: no
configure:2967: checking for nawk
configure:2997: result: no
configure:2967: checking for awk
configure:2983: found /usr/bin/awk
configure:2994: result: awk
configure:3005: checking whether make sets $(MAKE)
configure:3027: result: yes
configure:3146: checking build system type
configure:3160: result: x86_64-apple-darwin13.4.0
configure:3180: checking host system type
configure:3193: result: x86_64-apple-darwin13.4.0
configure:3225: checking for style of include used by make
configure:3253: result: GNU
configure:3323: checking for gcc
configure:3339: found /usr/bin/gcc
configure:3350: result: gcc
configure:3579: checking for C compiler version
configure:3588: gcc --version >&5
Apple LLVM version 6.0 (clang-600.0.51) (based on LLVM 3.5svn)
Target: x86_64-apple-darwin13.4.0
Thread model: posix
Configured with: --prefix=/Applications/Xcode.app/Contents/Developer/usr --with-gxx-include-dir=/usr/include/c++/4.2.1
configure:3599: $? = 0
configure:3588: gcc -v >&5
Configured with: --prefix=/Applications/Xcode.app/Contents/Developer/usr --with-gxx-include-dir=/usr/include/c++/4.2.1
Apple LLVM version 6.0 (clang-600.0.51) (based on LLVM 3.5svn)
Target: x86_64-apple-darwin13.4.0
Thread model: posix
configure:3599: $? = 0
configure:3588: gcc -V >&5
clang: error: argument to '-V' is missing (expected 1 value)
clang: error: no input files
configure:3599: $? = 1
configure:3588: gcc -qversion >&5
clang: error: unknown argument: '-qversion'
clang: error: no input files
configure:3599: $? = 1
configure:3619: checking whether the C compiler works
configure:3641: gcc -O2 -Wall   conftest.c  >&5
configure:3645: $? = 0
configure:3693: result: yes
configure:3696: checking for C compiler default output file name
configure:3698: result: a.out
configure:3704: checking for suffix of executables
configure:3711: gcc -o conftest -O2 -Wall   conftest.c  >&5
configure:3715: $? = 0
configure:3737: result: 
configure:3759: checking whether we are cross compiling
configure:3767: gcc -o conftest -O2 -Wall   conftest.c  >&5
configure:3771: $? = 0
configure:3778: ./conftest
configure:3782: $? = 0
configure:3797: result: no
configure:3802: checking for suffix of object files
configure:3824: gcc -c -O2 -Wall  conftest.c >&5
configure:3828: $? = 0
configure:3849: result: o
configure:3853: checking whether we are using the GNU C compiler
configure:3872: gcc -c -O2 -Wall  conftest.c >&5
configure:3872: $? = 0
configure:3881: result: yes
configure:3890: checking whether gcc accepts -g
configure:3910: gcc -c -g  conftest.c >&5
configure:3910: $? = 0
configure:3951: result: yes
configure:3968: checking for gcc option to accept ISO C89
configure:4032: gcc  -c -O2 -Wall  conftest.c >&5
configure:4032: $? = 0
configure:4045: result: none needed
configure:4067: checking dependency style of gcc
configure:4177: result: gcc3
configure:4192: checking for a sed that does not truncate output
configure:4256: result: /usr/bin/sed
configure:4274: checking for grep that handles long lines and -e
configure:4332: result: /usr/bin/grep
configure:4337: checking for egrep
configure:4399: result: /usr/bin/grep -E
configure:4404: checking for fgrep
configure:4466: result: /usr/bin/grep -F
configure:4501: checking for ld used by gcc
configure:4568: result: /Applications/Xcode.app/Contents/Developer/Toolchains/XcodeDefault.xctoolchain/usr/bin/ld
configure:4575: checking if the linker (/Applications/Xcode.app/Contents/Developer/Toolchains/XcodeDefault.xctoolchain/usr/bin/ld) is GNU ld
configure:4590: result: no
configure:4602: checking for BSD- or MS-compatible name lister (nm)
configure:4651: result: /usr/bin/nm
configure:4769: checking the name lister (/usr/bin/nm) interface
configure:4776: gcc -c -O2 -Wall  conftest.c >&5
configure:4779: /usr/bin/nm "conftest.o"
configure:4782: output
0000000000000000 S _some_variable
configure:4789: result: BSD nm
configure:4792: checking whether ln -s works
configure:4796: result: yes
configure:4804: checking the maximum length of command line arguments
configure:4924: result: 196608
configure:4941: checking whether the shell understands some XSI constructs
configure:4951: result: yes
configure:4955: checking whether the shell understands "+="
configure:4961: result: yes
configure:4996: checking for /Applications/Xcode.app/Contents/Developer/Toolchains/XcodeDefault.xctoolchain/usr/bin/ld option to reload object files
configure:5003: result: -r
configure:5072: checking for objdump
configure:5102: result: no
configure:5131: checking how to recognize dependent libraries
configure:5327: result: pass_all
configure:5387: checking for ar
configure:5403: found /usr/bin/ar
configure:5414: result: ar
configure:5492: checking for strip
configure:5508: found /usr/bin/strip
configure:5519: result: strip
configure:5591: checking for ranlib
configure:5607: found /usr/bin/ranlib
configure:5618: result: ranlib
configure:5708: checking command to parse /usr/bin/nm output from gcc object
configure:5826: gcc -c -O2 -Wall  conftest.c >&5
configure:5829: $? = 0
configure:5833: /usr/bin/nm conftest.o \| sed -n -e 's/^.*[	 ]\([BCDEGRST][BCDEGRST]*\)[	 ][	 ]*\([_A-Za-z][_A-Za-z0-9]*\)$/\1 \2 \2/p' \> conftest.nm
configure:5836: $? = 0
cannot find nm_test_var in conftest.nm
configure:5826: gcc -c -O2 -Wall  conftest.c >&5
configure:5829: $? = 0
configure:5833: /usr/bin/nm conftest.o \| sed -n -e 's/^.*[	 ]\([BCDEGRST][BCDEGRST]*\)[	 ][	 ]*_\([_A-Za-z][_A-Za-z0-9]*\)$/\1 _\2 \2/p' \> conftest.nm
configure:5836: $? = 0
configure:5890: gcc -o conftest -O2 -Wall   conftest.c conftstm.o >&5
configure:5893: $? = 0
configure:5931: result: ok
configure:6196: checking for dsymutil
configure:6212: found /usr/bin/dsymutil
configure:6223: result: dsymutil
configure:6288: checking for nmedit
configure:6304: found /usr/bin/nmedit
configure:6315: result: nmedit
configure:6380: checking for lipo
configure:6396: found /usr/bin/lipo
configure:6407: result: lipo
configure:6472: checking for otool
configure:6488: found /usr/bin/otool
configure:6499: result: otool
configure:6564: checking for otool64
configure:6594: result: no
configure:6639: checking for -single_module linker flag
gcc -O2 -Wall  -o libconftest.dylib -dynamiclib -Wl,-single_module conftest.c
configure:6666: result: yes
configure:6668: checking for -exported_symbols_list linker flag
configure:6688: gcc -o conftest -O2 -Wall   -Wl,-exported_symbols_list,conftest.sym conftest.c  >&5
configure:6688: $? = 0
configure:6698: result: yes
configure:6740: checking how to run the C preprocessor
configure:6771: gcc -E  conftest.c
configure:6771: $? = 0
configure:6785: gcc -E  conftest.c
conftest.c:11:10: fatal error: 'ac_nonexistent.h' file not found
#include <ac_nonexistent.h>
         ^
1 error generated.
configure:6785: $? = 1
configure: failed program was:
| /* confdefs.h */
| #define PACKAGE_NAME "libfplll"
| #define PACKAGE_TARNAME "libfplll"
| #define PACKAGE_VERSION "4.0.4"
| #define PACKAGE_STRING "libfplll 4.0.4"
| #define PACKAGE_BUGREPORT ""
| #define PACKAGE_URL ""
| #define PACKAGE "libfplll"
| #define VERSION "4.0.4"
| /* end confdefs.h.  */
| #include <ac_nonexistent.h>
configure:6810: result: gcc -E
configure:6830: gcc -E  conftest.c
configure:6830: $? = 0
configure:6844: gcc -E  conftest.c
conftest.c:11:10: fatal error: 'ac_nonexistent.h' file not found
#include <ac_nonexistent.h>
         ^
1 error generated.
configure:6844: $? = 1
configure: failed program was:
| /* confdefs.h */
| #define PACKAGE_NAME "libfplll"
| #define PACKAGE_TARNAME "libfplll"
| #define PACKAGE_VERSION "4.0.4"
| #define PACKAGE_STRING "libfplll 4.0.4"
| #define PACKAGE_BUGREPORT ""
| #define PACKAGE_URL ""
| #define PACKAGE "libfplll"
| #define VERSION "4.0.4"
| /* end confdefs.h.  */
| #include <ac_nonexistent.h>
configure:6873: checking for ANSI C header files
configure:6893: gcc -c -O2 -Wall  conftest.c >&5
configure:6893: $? = 0
configure:6966: gcc -o conftest -O2 -Wall   conftest.c  >&5
configure:6966: $? = 0
configure:6966: ./conftest
configure:6966: $? = 0
configure:6977: result: yes
configure:6990: checking for sys/types.h
configure:6990: gcc -c -O2 -Wall  conftest.c >&5
configure:6990: $? = 0
configure:6990: result: yes
configure:6990: checking for sys/stat.h
configure:6990: gcc -c -O2 -Wall  conftest.c >&5
configure:6990: $? = 0
configure:6990: result: yes
configure:6990: checking for stdlib.h
configure:6990: gcc -c -O2 -Wall  conftest.c >&5
configure:6990: $? = 0
configure:6990: result: yes
configure:6990: checking for string.h
configure:6990: gcc -c -O2 -Wall  conftest.c >&5
configure:6990: $? = 0
configure:6990: result: yes
configure:6990: checking for memory.h
configure:6990: gcc -c -O2 -Wall  conftest.c >&5
configure:6990: $? = 0
configure:6990: result: yes
configure:6990: checking for strings.h
configure:6990: gcc -c -O2 -Wall  conftest.c >&5
configure:6990: $? = 0
configure:6990: result: yes
configure:6990: checking for inttypes.h
configure:6990: gcc -c -O2 -Wall  conftest.c >&5
configure:6990: $? = 0
configure:6990: result: yes
configure:6990: checking for stdint.h
configure:6990: gcc -c -O2 -Wall  conftest.c >&5
configure:6990: $? = 0
configure:6990: result: yes
configure:6990: checking for unistd.h
configure:6990: gcc -c -O2 -Wall  conftest.c >&5
configure:6990: $? = 0
configure:6990: result: yes
configure:7004: checking for dlfcn.h
configure:7004: gcc -c -O2 -Wall  conftest.c >&5
configure:7004: $? = 0
configure:7004: result: yes
configure:7188: checking for objdir
configure:7203: result: .libs
configure:7495: checking if gcc supports -fno-rtti -fno-exceptions
configure:7513: gcc -c -O2 -Wall  -fno-rtti -fno-exceptions conftest.c >&5
configure:7517: $? = 0
configure:7530: result: yes
configure:7550: checking for gcc option to produce PIC
configure:7822: result: -fno-common -DPIC
configure:7834: checking if gcc PIC flag -fno-common -DPIC works
configure:7852: gcc -c -O2 -Wall  -fno-common -DPIC -DPIC conftest.c >&5
configure:7856: $? = 0
configure:7869: result: yes
configure:7893: checking if gcc static flag -static works
configure:7921: result: no
configure:7936: checking if gcc supports -c -o file.o
configure:7957: gcc -c -O2 -Wall  -o out/conftest2.o conftest.c >&5
configure:7961: $? = 0
configure:7983: result: yes
configure:7991: checking if gcc supports -c -o file.o
configure:8038: result: yes
configure:8071: checking whether the gcc linker (/Applications/Xcode.app/Contents/Developer/Toolchains/XcodeDefault.xctoolchain/usr/bin/ld) supports shared libraries
configure:9062: result: yes
configure:9301: checking dynamic linker characteristics
configure:9964: result: darwin13.4.0 dyld
configure:10066: checking how to hardcode library paths into programs
configure:10091: result: immediate
configure:10611: checking whether stripping libraries is possible
configure:10625: result: yes
configure:10651: checking if libtool supports shared libraries
configure:10653: result: yes
configure:10656: checking whether to build shared libraries
configure:10677: result: yes
configure:10680: checking whether to build static libraries
configure:10684: result: yes
configure:10787: checking for g++
configure:10803: found /usr/bin/g++
configure:10814: result: g++
configure:10841: checking for C++ compiler version
configure:10850: g++ --version >&5
Apple LLVM version 6.0 (clang-600.0.51) (based on LLVM 3.5svn)
Target: x86_64-apple-darwin13.4.0
Thread model: posix
Configured with: --prefix=/Applications/Xcode.app/Contents/Developer/usr --with-gxx-include-dir=/usr/include/c++/4.2.1
configure:10861: $? = 0
configure:10850: g++ -v >&5
Configured with: --prefix=/Applications/Xcode.app/Contents/Developer/usr --with-gxx-include-dir=/usr/include/c++/4.2.1
Apple LLVM version 6.0 (clang-600.0.51) (based on LLVM 3.5svn)
Target: x86_64-apple-darwin13.4.0
Thread model: posix
configure:10861: $? = 0
configure:10850: g++ -V >&5
clang: error: argument to '-V' is missing (expected 1 value)
clang: error: no input files
configure:10861: $? = 1
configure:10850: g++ -qversion >&5
clang: error: unknown argument: '-qversion'
clang: error: no input files
configure:10861: $? = 1
configure:10865: checking whether we are using the GNU C++ compiler
configure:10884: g++ -c -O2 -Wall  conftest.cpp >&5
configure:10884: $? = 0
configure:10893: result: yes
configure:10902: checking whether g++ accepts -g
configure:10922: g++ -c -g  conftest.cpp >&5
configure:10922: $? = 0
configure:10963: result: yes
configure:10988: checking dependency style of g++
configure:11098: result: gcc3
configure:11226: checking for C++ compiler version
configure:11235: g++ --version >&5
Apple LLVM version 6.0 (clang-600.0.51) (based on LLVM 3.5svn)
Target: x86_64-apple-darwin13.4.0
Thread model: posix
Configured with: --prefix=/Applications/Xcode.app/Contents/Developer/usr --with-gxx-include-dir=/usr/include/c++/4.2.1
configure:11246: $? = 0
configure:11235: g++ -v >&5
Configured with: --prefix=/Applications/Xcode.app/Contents/Developer/usr --with-gxx-include-dir=/usr/include/c++/4.2.1
Apple LLVM version 6.0 (clang-600.0.51) (based on LLVM 3.5svn)
Target: x86_64-apple-darwin13.4.0
Thread model: posix
configure:11246: $? = 0
configure:11235: g++ -V >&5
clang: error: argument to '-V' is missing (expected 1 value)
clang: error: no input files
configure:11246: $? = 1
configure:11235: g++ -qversion >&5
clang: error: unknown argument: '-qversion'
clang: error: no input files
configure:11246: $? = 1
configure:11250: checking whether we are using the GNU C++ compiler
configure:11278: result: yes
configure:11287: checking whether g++ accepts -g
configure:11348: result: yes
configure:11373: checking dependency style of g++
configure:11483: result: gcc3
configure:11506: checking how to run the C++ preprocessor
configure:11533: g++ -E  conftest.cpp
configure:11533: $? = 0
configure:11547: g++ -E  conftest.cpp
conftest.cpp:23:10: fatal error: 'ac_nonexistent.h' file not found
#include <ac_nonexistent.h>
         ^
1 error generated.
configure:11547: $? = 1
configure: failed program was:
| /* confdefs.h */
| #define PACKAGE_NAME "libfplll"
| #define PACKAGE_TARNAME "libfplll"
| #define PACKAGE_VERSION "4.0.4"
| #define PACKAGE_STRING "libfplll 4.0.4"
| #define PACKAGE_BUGREPORT ""
| #define PACKAGE_URL ""
| #define PACKAGE "libfplll"
| #define VERSION "4.0.4"
| #define STDC_HEADERS 1
| #define HAVE_SYS_TYPES_H 1
| #define HAVE_SYS_STAT_H 1
| #define HAVE_STDLIB_H 1
| #define HAVE_STRING_H 1
| #define HAVE_MEMORY_H 1
| #define HAVE_STRINGS_H 1
| #define HAVE_INTTYPES_H 1
| #define HAVE_STDINT_H 1
| #define HAVE_UNISTD_H 1
| #define HAVE_DLFCN_H 1
| #define LT_OBJDIR ".libs/"
| /* end confdefs.h.  */
| #include <ac_nonexistent.h>
configure:11572: result: g++ -E
configure:11592: g++ -E  conftest.cpp
configure:11592: $? = 0
configure:11606: g++ -E  conftest.cpp
conftest.cpp:23:10: fatal error: 'ac_nonexistent.h' file not found
#include <ac_nonexistent.h>
         ^
1 error generated.
configure:11606: $? = 1
configure: failed program was:
| /* confdefs.h */
| #define PACKAGE_NAME "libfplll"
| #define PACKAGE_TARNAME "libfplll"
| #define PACKAGE_VERSION "4.0.4"
| #define PACKAGE_STRING "libfplll 4.0.4"
| #define PACKAGE_BUGREPORT ""
| #define PACKAGE_URL ""
| #define PACKAGE "libfplll"
| #define VERSION "4.0.4"
| #define STDC_HEADERS 1
| #define HAVE_SYS_TYPES_H 1
| #define HAVE_SYS_STAT_H 1
| #define HAVE_STDLIB_H 1
| #define HAVE_STRING_H 1
| #define HAVE_MEMORY_H 1
| #define HAVE_STRINGS_H 1
| #define HAVE_INTTYPES_H 1
| #define HAVE_STDINT_H 1
| #define HAVE_UNISTD_H 1
| #define HAVE_DLFCN_H 1
| #define LT_OBJDIR ".libs/"
| /* end confdefs.h.  */
| #include <ac_nonexistent.h>
configure:11774: checking for ld used by g++
configure:11841: result: /Applications/Xcode.app/Contents/Developer/Toolchains/XcodeDefault.xctoolchain/usr/bin/ld
configure:11848: checking if the linker (/Applications/Xcode.app/Contents/Developer/Toolchains/XcodeDefault.xctoolchain/usr/bin/ld) is GNU ld
configure:11863: result: no
configure:11918: checking whether the g++ linker (/Applications/Xcode.app/Contents/Developer/Toolchains/XcodeDefault.xctoolchain/usr/bin/ld) supports shared libraries
configure:12831: result: yes
configure:12859: g++ -c -O2 -Wall  conftest.cpp >&5
configure:12862: $? = 0
configure:13044: checking for g++ option to produce PIC
configure:13361: result: -fno-common -DPIC
configure:13370: checking if g++ PIC flag -fno-common -DPIC works
configure:13388: g++ -c -O2 -Wall  -fno-common -DPIC -DPIC conftest.cpp >&5
configure:13392: $? = 0
configure:13405: result: yes
configure:13426: checking if g++ static flag -static works
configure:13454: result: no
configure:13466: checking if g++ supports -c -o file.o
configure:13487: g++ -c -O2 -Wall  -o out/conftest2.o conftest.cpp >&5
configure:13491: $? = 0
configure:13513: result: yes
configure:13518: checking if g++ supports -c -o file.o
configure:13565: result: yes
configure:13595: checking whether the g++ linker (/Applications/Xcode.app/Contents/Developer/Toolchains/XcodeDefault.xctoolchain/usr/bin/ld) supports shared libraries
configure:13624: result: yes
configure:13761: checking dynamic linker characteristics
configure:14372: result: darwin13.4.0 dyld
configure:14423: checking how to hardcode library paths into programs
configure:14448: result: immediate
configure:14535: checking for gcc
configure:14562: result: gcc
configure:14791: checking for C compiler version
configure:14800: gcc --version >&5
Apple LLVM version 6.0 (clang-600.0.51) (based on LLVM 3.5svn)
Target: x86_64-apple-darwin13.4.0
Thread model: posix
Configured with: --prefix=/Applications/Xcode.app/Contents/Developer/usr --with-gxx-include-dir=/usr/include/c++/4.2.1
configure:14811: $? = 0
configure:14800: gcc -v >&5
Configured with: --prefix=/Applications/Xcode.app/Contents/Developer/usr --with-gxx-include-dir=/usr/include/c++/4.2.1
Apple LLVM version 6.0 (clang-600.0.51) (based on LLVM 3.5svn)
Target: x86_64-apple-darwin13.4.0
Thread model: posix
configure:14811: $? = 0
configure:14800: gcc -V >&5
clang: error: argument to '-V' is missing (expected 1 value)
clang: error: no input files
configure:14811: $? = 1
configure:14800: gcc -qversion >&5
clang: error: unknown argument: '-qversion'
clang: error: no input files
configure:14811: $? = 1
configure:14815: checking whether we are using the GNU C compiler
configure:14843: result: yes
configure:14852: checking whether gcc accepts -g
configure:14913: result: yes
configure:14930: checking for gcc option to accept ISO C89
configure:15007: result: none needed
configure:15029: checking dependency style of gcc
configure:15139: result: gcc3
configure:15154: checking whether make sets $(MAKE)
configure:15176: result: yes
configure:15209: checking for __gmpz_init in -lgmp
configure:15234: g++ -o conftest -O2 -Wall   conftest.cpp -lgmp   >&5
configure:15234: $? = 0
configure:15243: result: yes
configure:15256: checking for mpfr_add in -lmpfr
configure:15281: g++ -o conftest -O2 -Wall   conftest.cpp -lmpfr  -lgmp  >&5
configure:15281: $? = 0
configure:15290: result: yes
configure:15307: checking for ANSI C header files
configure:15411: result: yes
configure:15422: checking limits.h usability
configure:15422: g++ -c -O2 -Wall  conftest.cpp >&5
configure:15422: $? = 0
configure:15422: result: yes
configure:15422: checking limits.h presence
configure:15422: g++ -E  conftest.cpp
configure:15422: $? = 0
configure:15422: result: yes
configure:15422: checking for limits.h
configure:15422: result: yes
configure:15422: checking cstdio usability
configure:15422: g++ -c -O2 -Wall  conftest.cpp >&5
configure:15422: $? = 0
configure:15422: result: yes
configure:15422: checking cstdio presence
configure:15422: g++ -E  conftest.cpp
configure:15422: $? = 0
configure:15422: result: yes
configure:15422: checking for cstdio
configure:15422: result: yes
configure:15422: checking iostream usability
configure:15422: g++ -c -O2 -Wall  conftest.cpp >&5
configure:15422: $? = 0
configure:15422: result: yes
configure:15422: checking iostream presence
configure:15422: g++ -E  conftest.cpp
configure:15422: $? = 0
configure:15422: result: yes
configure:15422: checking for iostream
configure:15422: result: yes
configure:15422: checking string usability
configure:15422: g++ -c -O2 -Wall  conftest.cpp >&5
configure:15422: $? = 0
configure:15422: result: yes
configure:15422: checking string presence
configure:15422: g++ -E  conftest.cpp
configure:15422: $? = 0
configure:15422: result: yes
configure:15422: checking for string
configure:15422: result: yes
configure:15422: checking limits usability
configure:15422: g++ -c -O2 -Wall  conftest.cpp >&5
configure:15422: $? = 0
configure:15422: result: yes
configure:15422: checking limits presence
configure:15422: g++ -E  conftest.cpp
configure:15422: $? = 0
configure:15422: result: yes
configure:15422: checking for limits
configure:15422: result: yes
configure:15422: checking vector usability
configure:15422: g++ -c -O2 -Wall  conftest.cpp >&5
configure:15422: $? = 0
configure:15422: result: yes
configure:15422: checking vector presence
configure:15422: g++ -E  conftest.cpp
configure:15422: $? = 0
configure:15422: result: yes
configure:15422: checking for vector
configure:15422: result: yes
configure:15434: checking for stdbool.h that conforms to C99
configure:15519: g++ -c -O2 -Wall  conftest.cpp >&5
configure:15519: $? = 0
configure:15526: result: yes
configure:15528: checking for _Bool
configure:15528: g++ -c -O2 -Wall  conftest.cpp >&5
conftest.cpp:68:13: error: use of undeclared identifier '_Bool'
if (sizeof (_Bool))
            ^
1 error generated.
configure:15528: $? = 1
configure: failed program was:
| /* confdefs.h */
| #define PACKAGE_NAME "libfplll"
| #define PACKAGE_TARNAME "libfplll"
| #define PACKAGE_VERSION "4.0.4"
| #define PACKAGE_STRING "libfplll 4.0.4"
| #define PACKAGE_BUGREPORT ""
| #define PACKAGE_URL ""
| #define PACKAGE "libfplll"
| #define VERSION "4.0.4"
| #define STDC_HEADERS 1
| #define HAVE_SYS_TYPES_H 1
| #define HAVE_SYS_STAT_H 1
| #define HAVE_STDLIB_H 1
| #define HAVE_STRING_H 1
| #define HAVE_MEMORY_H 1
| #define HAVE_STRINGS_H 1
| #define HAVE_INTTYPES_H 1
| #define HAVE_STDINT_H 1
| #define HAVE_UNISTD_H 1
| #define HAVE_DLFCN_H 1
| #define LT_OBJDIR ".libs/"
| #define HAVE_LIBGMP 1
| #define HAVE_LIBMPFR 1
| #define STDC_HEADERS 1
| #define HAVE_LIMITS_H 1
| #define HAVE_CSTDIO 1
| #define HAVE_IOSTREAM 1
| #define HAVE_STRING 1
| #define HAVE_LIMITS 1
| #define HAVE_VECTOR 1
| /* end confdefs.h.  */
| #include <stdio.h>
| #ifdef HAVE_SYS_TYPES_H
| # include <sys/types.h>
| #endif
| #ifdef HAVE_SYS_STAT_H
| # include <sys/stat.h>
| #endif
| #ifdef STDC_HEADERS
| # include <stdlib.h>
| # include <stddef.h>
| #else
| # ifdef HAVE_STDLIB_H
| #  include <stdlib.h>
| # endif
| #endif
| #ifdef HAVE_STRING_H
| # if !defined STDC_HEADERS && defined HAVE_MEMORY_H
| #  include <memory.h>
| # endif
| # include <string.h>
| #endif
| #ifdef HAVE_STRINGS_H
| # include <strings.h>
| #endif
| #ifdef HAVE_INTTYPES_H
| # include <inttypes.h>
| #endif
| #ifdef HAVE_STDINT_H
| # include <stdint.h>
| #endif
| #ifdef HAVE_UNISTD_H
| # include <unistd.h>
| #endif
| int
| main ()
| {
| if (sizeof (_Bool))
| 	 return 0;
|   ;
|   return 0;
| }
configure:15528: result: no
configure:15544: checking for an ANSI C-conforming const
configure:15609: g++ -c -O2 -Wall  conftest.cpp >&5
configure:15609: $? = 0
configure:15616: result: yes
configure:15624: checking for inline
configure:15640: g++ -c -O2 -Wall  conftest.cpp >&5
configure:15640: $? = 0
configure:15648: result: inline
configure:15666: checking for size_t
configure:15666: g++ -c -O2 -Wall  conftest.cpp >&5
configure:15666: $? = 0
configure:15666: g++ -c -O2 -Wall  conftest.cpp >&5
conftest.cpp:69:21: error: expected expression
if (sizeof ((size_t)))
                    ^
1 error generated.
configure:15666: $? = 1
configure: failed program was:
| /* confdefs.h */
| #define PACKAGE_NAME "libfplll"
| #define PACKAGE_TARNAME "libfplll"
| #define PACKAGE_VERSION "4.0.4"
| #define PACKAGE_STRING "libfplll 4.0.4"
| #define PACKAGE_BUGREPORT ""
| #define PACKAGE_URL ""
| #define PACKAGE "libfplll"
| #define VERSION "4.0.4"
| #define STDC_HEADERS 1
| #define HAVE_SYS_TYPES_H 1
| #define HAVE_SYS_STAT_H 1
| #define HAVE_STDLIB_H 1
| #define HAVE_STRING_H 1
| #define HAVE_MEMORY_H 1
| #define HAVE_STRINGS_H 1
| #define HAVE_INTTYPES_H 1
| #define HAVE_STDINT_H 1
| #define HAVE_UNISTD_H 1
| #define HAVE_DLFCN_H 1
| #define LT_OBJDIR ".libs/"
| #define HAVE_LIBGMP 1
| #define HAVE_LIBMPFR 1
| #define STDC_HEADERS 1
| #define HAVE_LIMITS_H 1
| #define HAVE_CSTDIO 1
| #define HAVE_IOSTREAM 1
| #define HAVE_STRING 1
| #define HAVE_LIMITS 1
| #define HAVE_VECTOR 1
| #define HAVE_STDBOOL_H 1
| /* end confdefs.h.  */
| #include <stdio.h>
| #ifdef HAVE_SYS_TYPES_H
| # include <sys/types.h>
| #endif
| #ifdef HAVE_SYS_STAT_H
| # include <sys/stat.h>
| #endif
| #ifdef STDC_HEADERS
| # include <stdlib.h>
| # include <stddef.h>
| #else
| # ifdef HAVE_STDLIB_H
| #  include <stdlib.h>
| # endif
| #endif
| #ifdef HAVE_STRING_H
| # if !defined STDC_HEADERS && defined HAVE_MEMORY_H
| #  include <memory.h>
| # endif
| # include <string.h>
| #endif
| #ifdef HAVE_STRINGS_H
| # include <strings.h>
| #endif
| #ifdef HAVE_INTTYPES_H
| # include <inttypes.h>
| #endif
| #ifdef HAVE_STDINT_H
| # include <stdint.h>
| #endif
| #ifdef HAVE_UNISTD_H
| # include <unistd.h>
| #endif
| int
| main ()
| {
| if (sizeof ((size_t)))
| 	    return 0;
|   ;
|   return 0;
| }
configure:15666: result: yes
configure:15677: checking for working volatile
configure:15696: g++ -c -O2 -Wall  conftest.cpp >&5
conftest.cpp:40:9: warning: variable 'x' is uninitialized when used here [-Wuninitialized]
return !x && !y;
        ^
conftest.cpp:38:15: note: initialize the variable 'x' to silence this warning
volatile int x;
              ^
               = 0
1 warning generated.
configure:15696: $? = 0
configure:15703: result: yes
configure:15713: checking for working strtod
configure:15754: g++ -o conftest -O2 -Wall   conftest.cpp -lmpfr -lgmp  >&5
conftest.cpp:75:20: warning: conversion from string literal to 'char *' is deprecated [-Wc++11-compat-deprecated-writable-strings]
    char *string = " +69";
                   ^
conftest.cpp:86:20: warning: conversion from string literal to 'char *' is deprecated [-Wc++11-compat-deprecated-writable-strings]
    char *string = "NaN";
                   ^
2 warnings generated.
configure:15754: $? = 0
configure:15754: ./conftest
configure:15754: $? = 0
configure:15764: result: yes
configure:15829: checking for floor
configure:15829: g++ -o conftest -O2 -Wall   conftest.cpp -lmpfr -lgmp  >&5
configure:15829: $? = 0
configure:15829: result: yes
configure:15829: checking for pow
configure:15829: g++ -o conftest -O2 -Wall   conftest.cpp -lmpfr -lgmp  >&5
configure:15829: $? = 0
configure:15829: result: yes
configure:15829: checking for rint
configure:15829: g++ -o conftest -O2 -Wall   conftest.cpp -lmpfr -lgmp  >&5
configure:15829: $? = 0
configure:15829: result: yes
configure:15829: checking for sqrt
configure:15829: g++ -o conftest -O2 -Wall   conftest.cpp -lmpfr -lgmp  >&5
configure:15829: $? = 0
configure:15829: result: yes
configure:15829: checking for strtol
configure:15829: g++ -o conftest -O2 -Wall   conftest.cpp -lmpfr -lgmp  >&5
configure:15829: $? = 0
configure:15829: result: yes
configure:15840: checking for __gmp_get_memory_functions in -lgmp
configure:15865: g++ -o conftest -O2 -Wall   conftest.cpp -lgmp  -lmpfr -lgmp  >&5
configure:15865: $? = 0
configure:15874: result: yes
configure:15888: checking for mpfr_fms in -lmpfr
configure:15913: g++ -o conftest -O2 -Wall   conftest.cpp -lmpfr  -lgmp -lmpfr -lgmp  >&5
configure:15913: $? = 0
configure:15922: result: yes
configure:16069: creating ./config.status

## ---------------------- ##
## Running config.status. ##
## ---------------------- ##

This file was extended by libfplll config.status 4.0.4, which was
generated by GNU Autoconf 2.67.  Invocation command line was

  CONFIG_FILES    = 
  CONFIG_HEADERS  = 
  CONFIG_LINKS    = 
  CONFIG_COMMANDS = 
  $ ./config.status 

on rEvoBook-4.local

config.status:1146: creating Makefile
config.status:1146: creating src/Makefile
config.status:1146: creating config.h
config.status:1326: config.h is unchanged
config.status:1374: executing depfiles commands
config.status:1374: executing libtool commands

## ---------------- ##
## Cache variables. ##
## ---------------- ##

ac_cv_build=x86_64-apple-darwin13.4.0
ac_cv_c_compiler_gnu=yes
ac_cv_c_const=yes
ac_cv_c_inline=inline
ac_cv_c_volatile=yes
ac_cv_cxx_compiler_gnu=yes
ac_cv_env_CCC_set=
ac_cv_env_CCC_value=
ac_cv_env_CC_set=
ac_cv_env_CC_value=
ac_cv_env_CFLAGS_set=
ac_cv_env_CFLAGS_value=
ac_cv_env_CPPFLAGS_set=
ac_cv_env_CPPFLAGS_value=
ac_cv_env_CPP_set=
ac_cv_env_CPP_value=
ac_cv_env_CXXCPP_set=
ac_cv_env_CXXCPP_value=
ac_cv_env_CXXFLAGS_set=
ac_cv_env_CXXFLAGS_value=
ac_cv_env_CXX_set=
ac_cv_env_CXX_value=
ac_cv_env_LDFLAGS_set=
ac_cv_env_LDFLAGS_value=
ac_cv_env_LIBS_set=
ac_cv_env_LIBS_value=
ac_cv_env_build_alias_set=
ac_cv_env_build_alias_value=
ac_cv_env_host_alias_set=
ac_cv_env_host_alias_value=
ac_cv_env_target_alias_set=
ac_cv_env_target_alias_value=
ac_cv_func_floor=yes
ac_cv_func_pow=yes
ac_cv_func_rint=yes
ac_cv_func_sqrt=yes
ac_cv_func_strtod=yes
ac_cv_func_strtol=yes
ac_cv_header_cstdio=yes
ac_cv_header_dlfcn_h=yes
ac_cv_header_inttypes_h=yes
ac_cv_header_iostream=yes
ac_cv_header_limits=yes
ac_cv_header_limits_h=yes
ac_cv_header_memory_h=yes
ac_cv_header_stdbool_h=yes
ac_cv_header_stdc=yes
ac_cv_header_stdint_h=yes
ac_cv_header_stdlib_h=yes
ac_cv_header_string=yes
ac_cv_header_string_h=yes
ac_cv_header_strings_h=yes
ac_cv_header_sys_stat_h=yes
ac_cv_header_sys_types_h=yes
ac_cv_header_unistd_h=yes
ac_cv_header_vector=yes
ac_cv_host=x86_64-apple-darwin13.4.0
ac_cv_lib_gmp___gmp_get_memory_functions=yes
ac_cv_lib_gmp___gmpz_init=yes
ac_cv_lib_mpfr_mpfr_add=yes
ac_cv_lib_mpfr_mpfr_fms=yes
ac_cv_objext=o
ac_cv_path_EGREP='/usr/bin/grep -E'
ac_cv_path_FGREP='/usr/bin/grep -F'
ac_cv_path_GREP=/usr/bin/grep
ac_cv_path_SED=/usr/bin/sed
ac_cv_path_install='/usr/bin/install -c'
ac_cv_prog_AWK=awk
ac_cv_prog_CPP='gcc -E'
ac_cv_prog_CXXCPP='g++ -E'
ac_cv_prog_ac_ct_AR=ar
ac_cv_prog_ac_ct_CC=gcc
ac_cv_prog_ac_ct_CXX=g++
ac_cv_prog_ac_ct_DSYMUTIL=dsymutil
ac_cv_prog_ac_ct_LIPO=lipo
ac_cv_prog_ac_ct_NMEDIT=nmedit
ac_cv_prog_ac_ct_OTOOL=otool
ac_cv_prog_ac_ct_RANLIB=ranlib
ac_cv_prog_ac_ct_STRIP=strip
ac_cv_prog_cc_c89=
ac_cv_prog_cc_g=yes
ac_cv_prog_cxx_g=yes
ac_cv_prog_make_make_set=yes
ac_cv_type__Bool=no
ac_cv_type_size_t=yes
am_cv_CC_dependencies_compiler_type=gcc3
am_cv_CXX_dependencies_compiler_type=gcc3
lt_cv_apple_cc_single_mod=yes
lt_cv_deplibs_check_method=pass_all
lt_cv_file_magic_cmd='$MAGIC_CMD'
lt_cv_file_magic_test_file=
lt_cv_ld_exported_symbols_list=yes
lt_cv_ld_reload_flag=-r
lt_cv_nm_interface='BSD nm'
lt_cv_objdir=.libs
lt_cv_path_LD=/Applications/Xcode.app/Contents/Developer/Toolchains/XcodeDefault.xctoolchain/usr/bin/ld
lt_cv_path_LDCXX=/Applications/Xcode.app/Contents/Developer/Toolchains/XcodeDefault.xctoolchain/usr/bin/ld
lt_cv_path_NM=/usr/bin/nm
lt_cv_prog_compiler_c_o=yes
lt_cv_prog_compiler_c_o_CXX=yes
lt_cv_prog_compiler_pic_works=yes
lt_cv_prog_compiler_pic_works_CXX=yes
lt_cv_prog_compiler_rtti_exceptions=yes
lt_cv_prog_compiler_static_works=no
lt_cv_prog_compiler_static_works_CXX=no
lt_cv_prog_gnu_ld=no
lt_cv_prog_gnu_ldcxx=no
lt_cv_sys_global_symbol_pipe='sed -n -e '\''s/^.*[	 ]\([BCDEGRST][BCDEGRST]*\)[	 ][	 ]*_\([_A-Za-z][_A-Za-z0-9]*\)$/\1 _\2 \2/p'\'''
lt_cv_sys_global_symbol_to_c_name_address='sed -n -e '\''s/^: \([^ ]*\) $/  {\"\1\", (void *) 0},/p'\'' -e '\''s/^[BCDEGRST]* \([^ ]*\) \([^ ]*\)$/  {"\2", (void *) \&\2},/p'\'''
lt_cv_sys_global_symbol_to_c_name_address_lib_prefix='sed -n -e '\''s/^: \([^ ]*\) $/  {\"\1\", (void *) 0},/p'\'' -e '\''s/^[BCDEGRST]* \([^ ]*\) \(lib[^ ]*\)$/  {"\2", (void *) \&\2},/p'\'' -e '\''s/^[BCDEGRST]* \([^ ]*\) \([^ ]*\)$/  {"lib\2", (void *) \&\2},/p'\'''
lt_cv_sys_global_symbol_to_cdecl='sed -n -e '\''s/^T .* \(.*\)$/extern int \1();/p'\'' -e '\''s/^[BCDEGRST]* .* \(.*\)$/extern char \1;/p'\'''
lt_cv_sys_max_cmd_len=196608

## ----------------- ##
## Output variables. ##
## ----------------- ##

ACLOCAL='aclocal-1.11'
AMDEPBACKSLASH='\'
AMDEP_FALSE='#'
AMDEP_TRUE=''
AMTAR='tar'
AR='ar'
AUTOCONF='autoconf'
AUTOHEADER='autoheader'
AUTOMAKE='automake-1.11'
AWK='awk'
CC='gcc'
CCDEPMODE='depmode=gcc3'
CFLAGS='-O2 -Wall'
CPP='gcc -E'
CPPFLAGS=''
CXX='g++'
CXXCPP='g++ -E'
CXXDEPMODE='depmode=gcc3'
CXXFLAGS='-O2 -Wall'
CYGPATH_W='echo'
DEFS='-DHAVE_CONFIG_H'
DEPDIR='.deps'
DSYMUTIL='dsymutil'
DUMPBIN=''
ECHO_C='\c'
ECHO_N=''
ECHO_T=''
EGREP='/usr/bin/grep -E'
EXEEXT=''
FGREP='/usr/bin/grep -F'
GREP='/usr/bin/grep'
INSTALL_DATA='${INSTALL} -m 644'
INSTALL_PROGRAM='${INSTALL}'
INSTALL_SCRIPT='${INSTALL}'
INSTALL_STRIP_PROGRAM='$(install_sh) -c -s'
LD='/Applications/Xcode.app/Contents/Developer/Toolchains/XcodeDefault.xctoolchain/usr/bin/ld'
LDFLAGS=''
LIBOBJS=''
LIBS='-lmpfr -lgmp -lmpfr -lgmp '
LIBTOOL='$(SHELL) $(top_builddir)/libtool'
LIPO='lipo'
LN_S='ln -s'
LTLIBOBJS=''
MAKEINFO='makeinfo'
MKDIR_P='./install-sh -c -d'
NM='/usr/bin/nm'
NMEDIT='nmedit'
OBJDUMP='false'
OBJEXT='o'
OTOOL64=':'
OTOOL='otool'
PACKAGE='libfplll'
PACKAGE_BUGREPORT=''
PACKAGE_NAME='libfplll'
PACKAGE_STRING='libfplll 4.0.4'
PACKAGE_TARNAME='libfplll'
PACKAGE_URL=''
PACKAGE_VERSION='4.0.4'
PATH_SEPARATOR=':'
POW_LIB=''
RANLIB='ranlib'
SED='/usr/bin/sed'
SET_MAKE=''
SHELL='/bin/sh'
STRIP='strip'
VERSION='4.0.4'
ac_ct_CC='gcc'
ac_ct_CXX='g++'
ac_ct_DUMPBIN=''
am__EXEEXT_FALSE=''
am__EXEEXT_TRUE='#'
am__fastdepCC_FALSE='#'
am__fastdepCC_TRUE=''
am__fastdepCXX_FALSE='#'
am__fastdepCXX_TRUE=''
am__include='include'
am__isrc=''
am__leading_dot='.'
am__quote=''
am__tar='${AMTAR} chof - "$$tardir"'
am__untar='${AMTAR} xf -'
bindir='${exec_prefix}/bin'
build='x86_64-apple-darwin13.4.0'
build_alias=''
build_cpu='x86_64'
build_os='darwin13.4.0'
build_vendor='apple'
datadir='${datarootdir}'
datarootdir='${prefix}/share'
docdir='${datarootdir}/doc/${PACKAGE_TARNAME}'
dvidir='${docdir}'
exec_prefix='${prefix}'
host='x86_64-apple-darwin13.4.0'
host_alias=''
host_cpu='x86_64'
host_os='darwin13.4.0'
host_vendor='apple'
htmldir='${docdir}'
includedir='${prefix}/include'
infodir='${datarootdir}/info'
install_sh='${SHELL} /Users/fred/Developer/Lattice-Reductions/lattice-reductions(src)/lib/libfplll/install-sh'
libdir='${exec_prefix}/lib'
libexecdir='${exec_prefix}/libexec'
localedir='${datarootdir}/locale'
localstatedir='${prefix}/var'
lt_ECHO='/bin/echo'
mandir='${datarootdir}/man'
mkdir_p='$(top_builddir)/./install-sh -c -d'
oldincludedir='/usr/include'
pdfdir='${docdir}'
prefix='/usr/local'
program_transform_name='s,x,x,'
psdir='${docdir}'
sbindir='${exec_prefix}/sbin'
sharedstatedir='${prefix}/com'
sysconfdir='${prefix}/etc'
target_alias=''

## ----------- ##
## confdefs.h. ##
## ----------- ##

/* confdefs.h */
#define PACKAGE_NAME "libfplll"
#define PACKAGE_TARNAME "libfplll"
#define PACKAGE_VERSION "4.0.4"
#define PACKAGE_STRING "libfplll 4.0.4"
#define PACKAGE_BUGREPORT ""
#define PACKAGE_URL ""
#define PACKAGE "libfplll"
#define VERSION "4.0.4"
#define STDC_HEADERS 1
#define HAVE_SYS_TYPES_H 1
#define HAVE_SYS_STAT_H 1
#define HAVE_STDLIB_H 1
#define HAVE_STRING_H 1
#define HAVE_MEMORY_H 1
#define HAVE_STRINGS_H 1
#define HAVE_INTTYPES_H 1
#define HAVE_STDINT_H 1
#define HAVE_UNISTD_H 1
#define HAVE_DLFCN_H 1
#define LT_OBJDIR ".libs/"
#define HAVE_LIBGMP 1
#define HAVE_LIBMPFR 1
#define STDC_HEADERS 1
#define HAVE_LIMITS_H 1
#define HAVE_CSTDIO 1
#define HAVE_IOSTREAM 1
#define HAVE_STRING 1
#define HAVE_LIMITS 1
#define HAVE_VECTOR 1
#define HAVE_STDBOOL_H 1
#define HAVE_FLOOR 1
#define HAVE_POW 1
#define HAVE_RINT 1
#define HAVE_SQRT 1
#define HAVE_STRTOL 1
#define HAVE_LIBGMP 1
#define HAVE_LIBMPFR 1

configure: exit 0
